<?xml version="1.0" encoding="UTF-8"?>
<coverage generated="1615434347859" clover="3.2.0">
  <project timestamp="1615434347859" name="All files">
    <metrics statements="25" coveredstatements="15" conditionals="8" coveredconditionals="4" methods="6" coveredmethods="4" elements="39" coveredelements="23" complexity="0" loc="25" ncloc="25" packages="1" files="2" classes="2"/>
    <file name="LinkedList.js" path="/Users/sergeiliddell/Projects/jobs/leetcode/LinkedLists/LinkedList.js">
      <metrics statements="19" coveredstatements="11" conditionals="4" coveredconditionals="2" methods="3" coveredmethods="2"/>
      <line num="1" count="1" type="stmt"/>
      <line num="5" count="5" type="stmt"/>
      <line num="6" count="5" type="stmt"/>
      <line num="12" count="0" type="stmt"/>
      <line num="13" count="0" type="stmt"/>
      <line num="14" count="0" type="stmt"/>
      <line num="16" count="0" type="cond" truecount="0" falsecount="2"/>
      <line num="18" count="0" type="stmt"/>
      <line num="21" count="0" type="stmt"/>
      <line num="23" count="0" type="stmt"/>
      <line num="26" count="0" type="stmt"/>
      <line num="31" count="7" type="stmt"/>
      <line num="32" count="7" type="stmt"/>
      <line num="34" count="7" type="cond" truecount="2" falsecount="0"/>
      <line num="35" count="3" type="stmt"/>
      <line num="37" count="4" type="stmt"/>
      <line num="38" count="4" type="stmt"/>
      <line num="40" count="7" type="stmt"/>
      <line num="49" count="1" type="stmt"/>
    </file>
    <file name="Node.js" path="/Users/sergeiliddell/Projects/jobs/leetcode/LinkedLists/Node.js">
      <metrics statements="6" coveredstatements="4" conditionals="4" coveredconditionals="2" methods="3" coveredmethods="2"/>
      <line num="3" count="7" type="stmt"/>
      <line num="4" count="7" type="stmt"/>
      <line num="8" count="0" type="stmt"/>
      <line num="12" count="4" type="cond" truecount="2" falsecount="2"/>
      <line num="13" count="0" type="stmt"/>
      <line num="18" count="1" type="stmt"/>
    </file>
  </project>
</coverage>
