TN:
SF:LinkedLists/LinkedList.js
FN:4,(anonymous_0)
FN:10,(anonymous_1)
FN:30,(anonymous_2)
FNF:3
FNH:2
FNDA:5,(anonymous_0)
FNDA:0,(anonymous_1)
FNDA:7,(anonymous_2)
DA:1,1
DA:5,5
DA:6,5
DA:12,0
DA:13,0
DA:14,0
DA:16,0
DA:18,0
DA:21,0
DA:23,0
DA:26,0
DA:31,7
DA:32,7
DA:34,7
DA:35,3
DA:37,4
DA:38,4
DA:40,7
DA:49,1
LF:19
LH:11
BRDA:16,0,0,0
BRDA:16,0,1,0
BRDA:34,1,0,3
BRDA:34,1,1,4
BRF:4
BRH:2
end_of_record
TN:
SF:LinkedLists/Node.js
FN:2,(anonymous_0)
FN:7,(anonymous_1)
FN:11,(anonymous_2)
FNF:3
FNH:2
FNDA:7,(anonymous_0)
FNDA:0,(anonymous_1)
FNDA:4,(anonymous_2)
DA:3,7
DA:4,7
DA:8,0
DA:12,4
DA:13,0
DA:18,1
LF:6
LH:4
BRDA:12,0,0,4
BRDA:12,0,1,0
BRDA:12,1,0,4
BRDA:12,1,1,0
BRF:4
BRH:2
end_of_record
